<?xml version="1.0" encoding="UTF-8"?>
<testng-results ignored="0" total="1" passed="1" failed="0" skipped="0">
  <reporter-output>
  </reporter-output>
  <suite started-at="2024-10-06T14:01:52 IST" name="Suite" finished-at="2024-10-06T14:02:24 IST" duration-ms="32546">
    <groups>
    </groups>
    <test started-at="2024-10-06T14:01:52 IST" name="Test" finished-at="2024-10-06T14:02:24 IST" duration-ms="32546">
      <class name="testcase.RegisterTC1">
        <test-method is-config="true" signature="setUp()[pri:0, instance:testcase.RegisterTC1@267f474e]" started-at="2024-10-06T14:01:52 IST" name="setUp" finished-at="2024-10-06T14:02:22 IST" duration-ms="30587" status="PASS">
          <reporter-output>
          </reporter-output>
        </test-method> <!-- setUp -->
        <test-method signature="refistrationMethod()[pri:0, instance:testcase.RegisterTC1@267f474e]" started-at="2024-10-06T14:02:22 IST" name="refistrationMethod" finished-at="2024-10-06T14:02:23 IST" duration-ms="1063" status="PASS">
          <reporter-output>
          </reporter-output>
        </test-method> <!-- refistrationMethod -->
        <test-method is-config="true" signature="tearDown()[pri:0, instance:testcase.RegisterTC1@267f474e]" started-at="2024-10-06T14:02:23 IST" name="tearDown" finished-at="2024-10-06T14:02:24 IST" duration-ms="674" status="PASS">
          <reporter-output>
          </reporter-output>
        </test-method> <!-- tearDown -->
      </class> <!-- testcase.RegisterTC1 -->
    </test> <!-- Test -->
  </suite> <!-- Suite -->
</testng-results>
